<?xml version="1.0" encoding="UTF-8"?>
<!-- Generated by org.testng.reporters.JUnitXMLReporter -->
<testsuite ignored="2" hostname="LAPTOP-DENRBFPO" failures="0" tests="1" name="Default test" time="41.439" errors="0" timestamp="2024-06-05T15:16:04 IST">
  <testcase classname="com.altius.crm.ContactTest.CreateContactPOMTest" name="createContactWithOrgTest" time="28.897"/>
  <testcase classname="com.altius.crm.ContactTest.CreateContactPOMTest" name="createContactWithSupportDateTest" time="0.0">
    <ignored/>
  </testcase> <!-- createContactWithSupportDateTest -->
  <testcase classname="com.altius.crm.ContactTest.CreateContactPOMTest" name="createContactTest" time="0.0">
    <ignored/>
  </testcase> <!-- createContactTest -->
</testsuite> <!-- Default test -->
