<?xml version="1.0" encoding="UTF-8"?>
<testng-results ignored="2" total="3" passed="1" failed="0" skipped="0">
  <reporter-output>
  </reporter-output>
  <suite started-at="2024-06-05T12:29:59 IST" name="Default suite" finished-at="2024-06-05T12:30:59 IST" duration-ms="59998">
    <groups>
      <group name="regressiontest">
        <method signature="CreateContactPOMTest.createContactWithOrgTest()[pri:0, instance:com.altius.crm.ContactTest.CreateContactPOMTest@6069db50]" name="createContactWithOrgTest" class="com.altius.crm.ContactTest.CreateContactPOMTest"/>
      </group> <!-- regressiontest -->
    </groups>
    <test started-at="2024-06-05T12:29:59 IST" name="Default test" finished-at="2024-06-05T12:30:59 IST" duration-ms="59998">
      <class name="com.altius.crm.ContactTest.CreateContactPOMTest">
        <test-method is-config="true" signature="createDBconn()[pri:0, instance:com.altius.crm.ContactTest.CreateContactPOMTest@6069db50]" started-at="2024-06-05T12:29:59 IST" name="createDBconn" finished-at="2024-06-05T12:29:59 IST" duration-ms="491" status="PASS">
          <reporter-output>
          </reporter-output>
        </test-method> <!-- createDBconn -->
        <test-method is-config="true" signature="openBrowser()[pri:0, instance:com.altius.crm.ContactTest.CreateContactPOMTest@6069db50]" started-at="2024-06-05T12:29:59 IST" name="openBrowser" finished-at="2024-06-05T12:30:03 IST" duration-ms="3455" status="PASS">
          <reporter-output>
          </reporter-output>
        </test-method> <!-- openBrowser -->
        <test-method is-config="true" signature="login()[pri:0, instance:com.altius.crm.ContactTest.CreateContactPOMTest@6069db50]" started-at="2024-06-05T12:30:03 IST" name="login" finished-at="2024-06-05T12:30:10 IST" duration-ms="7279" status="PASS">
          <reporter-output>
          </reporter-output>
        </test-method> <!-- login -->
        <test-method signature="createContactWithOrgTest()[pri:0, instance:com.altius.crm.ContactTest.CreateContactPOMTest@6069db50]" started-at="2024-06-05T12:30:10 IST" name="createContactWithOrgTest" finished-at="2024-06-05T12:30:56 IST" duration-ms="45408" status="PASS">
          <reporter-output>
          </reporter-output>
        </test-method> <!-- createContactWithOrgTest -->
        <test-method is-config="true" signature="logout()[pri:0, instance:com.altius.crm.ContactTest.CreateContactPOMTest@6069db50]" started-at="2024-06-05T12:30:56 IST" name="logout" finished-at="2024-06-05T12:30:59 IST" duration-ms="3295" status="PASS">
          <reporter-output>
          </reporter-output>
        </test-method> <!-- logout -->
        <test-method is-config="true" signature="closeBrowser()[pri:0, instance:com.altius.crm.ContactTest.CreateContactPOMTest@6069db50]" started-at="2024-06-05T12:30:59 IST" name="closeBrowser" finished-at="2024-06-05T12:30:59 IST" duration-ms="507" status="PASS">
          <reporter-output>
          </reporter-output>
        </test-method> <!-- closeBrowser -->
        <test-method is-config="true" signature="closeDbConnection()[pri:0, instance:com.altius.crm.ContactTest.CreateContactPOMTest@6069db50]" started-at="2024-06-05T12:30:59 IST" name="closeDbConnection" finished-at="2024-06-05T12:30:59 IST" duration-ms="1" status="PASS">
          <reporter-output>
          </reporter-output>
        </test-method> <!-- closeDbConnection -->
      </class> <!-- com.altius.crm.ContactTest.CreateContactPOMTest -->
    </test> <!-- Default test -->
  </suite> <!-- Default suite -->
</testng-results>
