<?xml version="1.0" encoding="UTF-8"?>
<!-- Generated by org.testng.reporters.JUnitXMLReporter -->
<testsuite ignored="0" hostname="LAPTOP-DENRBFPO" failures="0" tests="3" name="ContactTest" time="88.775" errors="0" timestamp="2024-05-30T10:28:31 IST">
  <testcase classname="com.altius.crm.ContactTest.CreateContactPOMTest" name="createContactTest" time="17.814"/>
  <testcase classname="com.altius.crm.ContactTest.CreateContactPOMTest" name="createContactWithOrgTest" time="32.854"/>
  <testcase classname="com.altius.crm.ContactTest.CreateContactPOMTest" name="createContactWithSupportDateTest" time="12.242"/>
</testsuite> <!-- ContactTest -->
