<?xml version="1.0" encoding="UTF-8"?>
<!-- Generated by org.testng.reporters.JUnitXMLReporter -->
<testsuite ignored="0" hostname="LAPTOP-DENRBFPO" failures="0" tests="3" name="OrgTest" time="77.806" errors="0" timestamp="2024-05-30T10:28:20 IST">
  <testcase classname="com.altius.crm.OrgTest.CreateOrganizationPomTest" name="CreateOrgWithTypeTest" time="19.691"/>
  <testcase classname="com.altius.crm.OrgTest.CreateOrganizationPomTest" name="createOrgTest" time="15.904"/>
  <testcase classname="com.altius.crm.OrgTest.CreateOrganizationPomTest" name="createOrgWithPhoneTest" time="15.07"/>
</testsuite> <!-- OrgTest -->
