<?xml version="1.0" encoding="UTF-8"?>
<!-- Generated by org.testng.reporters.JUnitXMLReporter -->
<testsuite ignored="2" hostname="LAPTOP-DENRBFPO" failures="0" tests="6" name="TestBrowser1" time="189.523" errors="0" timestamp="2024-05-30T11:02:06 IST">
  <testcase classname="com.altius.crm.ContactTest.CreateContactPOMTest" name="createContactTest" time="16.313"/>
  <testcase classname="com.altius.crm.ContactTest.CreateContactPOMTest" name="createContactWithOrgTest" time="33.987"/>
  <testcase classname="com.altius.crm.ContactTest.CreateContactPOMTest" name="createContactWithSupportDateTest" time="16.48"/>
  <testcase classname="com.altius.crm.OrgTest.CreateOrganizationPomTest" name="CreateOrgWithTypeTest" time="18.673"/>
  <testcase classname="com.altius.crm.OrgTest.CreateOrganizationPomTest" name="createOrgTest" time="18.308"/>
  <testcase classname="com.altius.crm.OrgTest.CreateOrganizationPomTest" name="createOrgWithPhoneTest" time="16.572"/>
  <testcase classname="com.altius.crm.basetest.BaseClass" name="@AfterSuite closeDbConnection" time="0.0">
    <ignored/>
  </testcase> <!-- @AfterSuite closeDbConnection -->
  <testcase classname="com.altius.crm.basetest.BaseClass" name="@BeforeSuite createDbConnection" time="0.0">
    <ignored/>
  </testcase> <!-- @BeforeSuite createDbConnection -->
</testsuite> <!-- TestBrowser1 -->
