<?xml version="1.0" encoding="UTF-8"?>
<!-- Generated by org.testng.reporters.JUnitXMLReporter -->
<testsuite ignored="2" hostname="LAPTOP-DENRBFPO" failures="0" tests="6" name="TestBrowser2" time="180.978" errors="0" timestamp="2024-05-30T11:01:58 IST">
  <testcase classname="com.altius.crm.ContactTest.CreateContactPOMTest" name="createContactTest" time="19.257"/>
  <testcase classname="com.altius.crm.ContactTest.CreateContactPOMTest" name="createContactWithOrgTest" time="36.59"/>
  <testcase classname="com.altius.crm.ContactTest.CreateContactPOMTest" name="createContactWithSupportDateTest" time="17.244"/>
  <testcase classname="com.altius.crm.OrgTest.CreateOrganizationPomTest" name="CreateOrgWithTypeTest" time="18.859"/>
  <testcase classname="com.altius.crm.OrgTest.CreateOrganizationPomTest" name="createOrgTest" time="17.959"/>
  <testcase classname="com.altius.crm.OrgTest.CreateOrganizationPomTest" name="createOrgWithPhoneTest" time="17.205"/>
  <testcase classname="com.altius.crm.basetest.BaseClass" name="@AfterSuite closeDbConnection" time="0.0">
    <ignored/>
  </testcase> <!-- @AfterSuite closeDbConnection -->
  <testcase classname="com.altius.crm.basetest.BaseClass" name="@BeforeSuite createDbConnection" time="0.0">
    <ignored/>
  </testcase> <!-- @BeforeSuite createDbConnection -->
</testsuite> <!-- TestBrowser2 -->
